2021-03-08 16:59:55,493 [Worker-6: Loading available Gradle versions] INFO  o.e.b.c.i.u.g.PublishedGradleVersions - Gradle version information cache is up-to-date. Trying to read.
2021-03-22 10:19:06,092 [Worker-0: Loading available Gradle versions] INFO  o.e.b.c.i.u.g.PublishedGradleVersions - Gradle version information cache is up-to-date. Trying to read.
2021-03-22 12:46:13,308 [Worker-44: reload maven project] ERROR o.e.m2e.editor.pom.MavenPomEditor - failed to load maven project for org.eclipse.ui.part.FileEditorInput(/ass1/pom.xml)
org.eclipse.core.runtime.CoreException: Could not read maven project
	at org.eclipse.m2e.core.internal.project.registry.ProjectRegistryManager.readProjectWithDependencies(ProjectRegistryManager.java:850)
	at org.eclipse.m2e.core.internal.project.registry.ProjectRegistryManager.lambda$22(ProjectRegistryManager.java:1069)
	at com.google.common.cache.LocalCache$LocalManualCache$1.load(LocalCache.java:4878)
	at com.google.common.cache.LocalCache$LoadingValueReference.loadFuture(LocalCache.java:3529)
	at com.google.common.cache.LocalCache$Segment.loadSync(LocalCache.java:2278)
	at com.google.common.cache.LocalCache$Segment.lockedGetOrLoad(LocalCache.java:2155)
	at com.google.common.cache.LocalCache$Segment.get(LocalCache.java:2045)
	at com.google.common.cache.LocalCache.get(LocalCache.java:3953)
	at com.google.common.cache.LocalCache$LocalManualCache.get(LocalCache.java:4873)
	at org.eclipse.m2e.core.internal.project.registry.ProjectRegistryManager.getMavenProject(ProjectRegistryManager.java:1068)
	at org.eclipse.m2e.core.internal.project.registry.MavenProjectFacade.getMavenProject(MavenProjectFacade.java:243)
	at org.eclipse.m2e.core.ui.internal.actions.SelectionUtil.getMavenProject(SelectionUtil.java:261)
	at org.eclipse.m2e.editor.pom.MavenPomEditor.readMavenProject(MavenPomEditor.java:634)
	at org.eclipse.m2e.editor.pom.MavenPomEditor$3.run(MavenPomEditor.java:938)
	at org.eclipse.core.internal.jobs.Worker.run(Worker.java:63)
2021-03-23 13:56:48,539 [Worker-0: Loading available Gradle versions] INFO  o.e.b.c.i.u.g.PublishedGradleVersions - Gradle version information cache is up-to-date. Trying to read.
2021-03-23 16:30:46,266 [Worker-1: Loading available Gradle versions] INFO  o.e.b.c.i.u.g.PublishedGradleVersions - Gradle version information cache is up-to-date. Trying to read.
2021-03-23 16:52:53,097 [Worker-38: reload maven project] ERROR o.e.m2e.editor.pom.MavenPomEditor - failed to load maven project for org.eclipse.ui.part.FileEditorInput(/ass1/pom.xml)
org.eclipse.core.runtime.CoreException: Could not read maven project
	at org.eclipse.m2e.core.internal.project.registry.ProjectRegistryManager.readProjectWithDependencies(ProjectRegistryManager.java:850)
	at org.eclipse.m2e.core.internal.project.registry.ProjectRegistryManager.lambda$22(ProjectRegistryManager.java:1069)
	at com.google.common.cache.LocalCache$LocalManualCache$1.load(LocalCache.java:4878)
	at com.google.common.cache.LocalCache$LoadingValueReference.loadFuture(LocalCache.java:3529)
	at com.google.common.cache.LocalCache$Segment.loadSync(LocalCache.java:2278)
	at com.google.common.cache.LocalCache$Segment.lockedGetOrLoad(LocalCache.java:2155)
	at com.google.common.cache.LocalCache$Segment.get(LocalCache.java:2045)
	at com.google.common.cache.LocalCache.get(LocalCache.java:3953)
	at com.google.common.cache.LocalCache$LocalManualCache.get(LocalCache.java:4873)
	at org.eclipse.m2e.core.internal.project.registry.ProjectRegistryManager.getMavenProject(ProjectRegistryManager.java:1068)
	at org.eclipse.m2e.core.internal.project.registry.MavenProjectFacade.getMavenProject(MavenProjectFacade.java:243)
	at org.eclipse.m2e.core.ui.internal.actions.SelectionUtil.getMavenProject(SelectionUtil.java:261)
	at org.eclipse.m2e.editor.pom.MavenPomEditor.readMavenProject(MavenPomEditor.java:634)
	at org.eclipse.m2e.editor.pom.MavenPomEditor$3.run(MavenPomEditor.java:938)
	at org.eclipse.core.internal.jobs.Worker.run(Worker.java:63)
2021-03-23 16:54:02,464 [Worker-36: reload maven project] ERROR o.e.m2e.editor.pom.MavenPomEditor - failed to load maven project for org.eclipse.ui.part.FileEditorInput(/ass1/pom.xml)
org.eclipse.core.runtime.CoreException: Could not read maven project
	at org.eclipse.m2e.core.internal.project.registry.ProjectRegistryManager.readProjectWithDependencies(ProjectRegistryManager.java:850)
	at org.eclipse.m2e.core.internal.project.registry.ProjectRegistryManager.lambda$22(ProjectRegistryManager.java:1069)
	at com.google.common.cache.LocalCache$LocalManualCache$1.load(LocalCache.java:4878)
	at com.google.common.cache.LocalCache$LoadingValueReference.loadFuture(LocalCache.java:3529)
	at com.google.common.cache.LocalCache$Segment.loadSync(LocalCache.java:2278)
	at com.google.common.cache.LocalCache$Segment.lockedGetOrLoad(LocalCache.java:2155)
	at com.google.common.cache.LocalCache$Segment.get(LocalCache.java:2045)
	at com.google.common.cache.LocalCache.get(LocalCache.java:3953)
	at com.google.common.cache.LocalCache$LocalManualCache.get(LocalCache.java:4873)
	at org.eclipse.m2e.core.internal.project.registry.ProjectRegistryManager.getMavenProject(ProjectRegistryManager.java:1068)
	at org.eclipse.m2e.core.internal.project.registry.MavenProjectFacade.getMavenProject(MavenProjectFacade.java:243)
	at org.eclipse.m2e.core.ui.internal.actions.SelectionUtil.getMavenProject(SelectionUtil.java:261)
	at org.eclipse.m2e.editor.pom.MavenPomEditor.readMavenProject(MavenPomEditor.java:634)
	at org.eclipse.m2e.editor.pom.MavenPomEditor$3.run(MavenPomEditor.java:938)
	at org.eclipse.core.internal.jobs.Worker.run(Worker.java:63)
2021-03-23 16:58:33,860 [Worker-16: Launching Executing test in D__desktop_Dev_Intellij_Projects_SWEN301 Ass1_workspace_ass1] INFO  o.e.m.i.launch.MavenLaunchDelegate - D:\desktop\Dev\Intellij\Projects\SWEN301 Ass1\workspace\ass1
2021-03-23 16:58:33,862 [Worker-16: Launching Executing test in D__desktop_Dev_Intellij_Projects_SWEN301 Ass1_workspace_ass1] INFO  o.e.m.i.launch.MavenLaunchDelegate -  mvn -B test
2021-03-23 17:09:32,908 [Worker-1: Loading available Gradle versions] INFO  o.e.b.c.i.u.g.PublishedGradleVersions - Gradle version information cache is up-to-date. Trying to read.
2021-03-24 16:41:40,314 [Worker-0: Loading available Gradle versions] INFO  o.e.b.c.i.u.g.PublishedGradleVersions - Gradle version information cache is out-of-date. Trying to update.
2021-03-25 13:22:39,121 [Worker-0: Loading available Gradle versions] INFO  o.e.b.c.i.u.g.PublishedGradleVersions - Gradle version information cache is up-to-date. Trying to read.
2021-03-25 14:39:02,693 [Worker-5: Loading available Gradle versions] INFO  o.e.b.c.i.u.g.PublishedGradleVersions - Gradle version information cache is up-to-date. Trying to read.
2021-03-26 07:06:47,617 [Worker-1: Loading available Gradle versions] INFO  o.e.b.c.i.u.g.PublishedGradleVersions - Gradle version information cache is out-of-date. Trying to update.
2021-03-26 14:58:02,016 [Worker-172: reload maven project] ERROR o.e.m2e.editor.pom.MavenPomEditor - failed to load maven project for org.eclipse.ui.part.FileEditorInput(/ass1/pom.xml)
org.eclipse.core.runtime.CoreException: Could not read maven project
	at org.eclipse.m2e.core.internal.project.registry.ProjectRegistryManager.readProjectWithDependencies(ProjectRegistryManager.java:850)
	at org.eclipse.m2e.core.internal.project.registry.ProjectRegistryManager.lambda$22(ProjectRegistryManager.java:1069)
	at com.google.common.cache.LocalCache$LocalManualCache$1.load(LocalCache.java:4878)
	at com.google.common.cache.LocalCache$LoadingValueReference.loadFuture(LocalCache.java:3529)
	at com.google.common.cache.LocalCache$Segment.loadSync(LocalCache.java:2278)
	at com.google.common.cache.LocalCache$Segment.lockedGetOrLoad(LocalCache.java:2155)
	at com.google.common.cache.LocalCache$Segment.get(LocalCache.java:2045)
	at com.google.common.cache.LocalCache.get(LocalCache.java:3953)
	at com.google.common.cache.LocalCache$LocalManualCache.get(LocalCache.java:4873)
	at org.eclipse.m2e.core.internal.project.registry.ProjectRegistryManager.getMavenProject(ProjectRegistryManager.java:1068)
	at org.eclipse.m2e.core.internal.project.registry.MavenProjectFacade.getMavenProject(MavenProjectFacade.java:243)
	at org.eclipse.m2e.core.ui.internal.actions.SelectionUtil.getMavenProject(SelectionUtil.java:261)
	at org.eclipse.m2e.editor.pom.MavenPomEditor.readMavenProject(MavenPomEditor.java:634)
	at org.eclipse.m2e.editor.pom.MavenPomEditor$3.run(MavenPomEditor.java:938)
	at org.eclipse.core.internal.jobs.Worker.run(Worker.java:63)
2021-03-26 15:02:43,683 [main] INFO  o.e.m2e.actions.ExecutePomAction - Creating new launch configuration
2021-03-26 15:02:50,480 [Worker-172: Launching ass1] INFO  o.e.m.i.launch.MavenLaunchDelegate - D:\desktop\Dev\Intellij\Projects\SWEN301 Ass1\workspace\ass1
2021-03-26 15:02:50,482 [Worker-172: Launching ass1] INFO  o.e.m.i.launch.MavenLaunchDelegate -  mvn -B clean install
2021-03-26 15:04:11,167 [Worker-210: reload maven project] ERROR o.e.m2e.editor.pom.MavenPomEditor - failed to load maven project for org.eclipse.ui.part.FileEditorInput(/ass1/pom.xml)
org.eclipse.core.runtime.CoreException: Could not read maven project
	at org.eclipse.m2e.core.internal.project.registry.ProjectRegistryManager.readProjectWithDependencies(ProjectRegistryManager.java:850)
	at org.eclipse.m2e.core.internal.project.registry.ProjectRegistryManager.lambda$22(ProjectRegistryManager.java:1069)
	at com.google.common.cache.LocalCache$LocalManualCache$1.load(LocalCache.java:4878)
	at com.google.common.cache.LocalCache$LoadingValueReference.loadFuture(LocalCache.java:3529)
	at com.google.common.cache.LocalCache$Segment.loadSync(LocalCache.java:2278)
	at com.google.common.cache.LocalCache$Segment.lockedGetOrLoad(LocalCache.java:2155)
	at com.google.common.cache.LocalCache$Segment.get(LocalCache.java:2045)
	at com.google.common.cache.LocalCache.get(LocalCache.java:3953)
	at com.google.common.cache.LocalCache$LocalManualCache.get(LocalCache.java:4873)
	at org.eclipse.m2e.core.internal.project.registry.ProjectRegistryManager.getMavenProject(ProjectRegistryManager.java:1068)
	at org.eclipse.m2e.core.internal.project.registry.MavenProjectFacade.getMavenProject(MavenProjectFacade.java:243)
	at org.eclipse.m2e.core.ui.internal.actions.SelectionUtil.getMavenProject(SelectionUtil.java:261)
	at org.eclipse.m2e.editor.pom.MavenPomEditor.readMavenProject(MavenPomEditor.java:634)
	at org.eclipse.m2e.editor.pom.MavenPomEditor$3.run(MavenPomEditor.java:938)
	at org.eclipse.core.internal.jobs.Worker.run(Worker.java:63)
2021-03-26 15:04:14,419 [main] INFO  o.e.m2e.actions.ExecutePomAction - Using existing launch configuration
2021-03-26 15:04:14,631 [Worker-210: Launching ass1] INFO  o.e.m.i.launch.MavenLaunchDelegate - D:\desktop\Dev\Intellij\Projects\SWEN301 Ass1\workspace\ass1
2021-03-26 15:04:14,632 [Worker-210: Launching ass1] INFO  o.e.m.i.launch.MavenLaunchDelegate -  mvn -B clean install
2021-03-26 15:05:01,902 [Worker-172: reload maven project] ERROR o.e.m2e.editor.pom.MavenPomEditor - failed to load maven project for org.eclipse.ui.part.FileEditorInput(/ass1/pom.xml)
org.eclipse.core.runtime.CoreException: Could not read maven project
	at org.eclipse.m2e.core.internal.project.registry.ProjectRegistryManager.readProjectWithDependencies(ProjectRegistryManager.java:850)
	at org.eclipse.m2e.core.internal.project.registry.ProjectRegistryManager.lambda$22(ProjectRegistryManager.java:1069)
	at com.google.common.cache.LocalCache$LocalManualCache$1.load(LocalCache.java:4878)
	at com.google.common.cache.LocalCache$LoadingValueReference.loadFuture(LocalCache.java:3529)
	at com.google.common.cache.LocalCache$Segment.loadSync(LocalCache.java:2278)
	at com.google.common.cache.LocalCache$Segment.lockedGetOrLoad(LocalCache.java:2155)
	at com.google.common.cache.LocalCache$Segment.get(LocalCache.java:2045)
	at com.google.common.cache.LocalCache.get(LocalCache.java:3953)
	at com.google.common.cache.LocalCache$LocalManualCache.get(LocalCache.java:4873)
	at org.eclipse.m2e.core.internal.project.registry.ProjectRegistryManager.getMavenProject(ProjectRegistryManager.java:1068)
	at org.eclipse.m2e.core.internal.project.registry.MavenProjectFacade.getMavenProject(MavenProjectFacade.java:243)
	at org.eclipse.m2e.core.ui.internal.actions.SelectionUtil.getMavenProject(SelectionUtil.java:261)
	at org.eclipse.m2e.editor.pom.MavenPomEditor.readMavenProject(MavenPomEditor.java:634)
	at org.eclipse.m2e.editor.pom.MavenPomEditor$3.run(MavenPomEditor.java:938)
	at org.eclipse.core.internal.jobs.Worker.run(Worker.java:63)
2021-03-26 15:06:13,897 [main] INFO  o.e.m2e.actions.ExecutePomAction - Using existing launch configuration
2021-03-26 15:06:14,116 [Worker-210: Launching ass1] INFO  o.e.m.i.launch.MavenLaunchDelegate - D:\desktop\Dev\Intellij\Projects\SWEN301 Ass1\workspace\ass1
2021-03-26 15:06:14,117 [Worker-210: Launching ass1] INFO  o.e.m.i.launch.MavenLaunchDelegate -  mvn -B clean install
2021-03-26 15:06:37,057 [main] INFO  o.e.m2e.actions.ExecutePomAction - Using existing launch configuration
2021-03-26 15:06:37,262 [Worker-172: Launching ass1] INFO  o.e.m.i.launch.MavenLaunchDelegate - D:\desktop\Dev\Intellij\Projects\SWEN301 Ass1\workspace\ass1
2021-03-26 15:06:37,263 [Worker-172: Launching ass1] INFO  o.e.m.i.launch.MavenLaunchDelegate -  mvn -B clean install
2021-03-26 15:08:31,995 [main] INFO  o.e.m2e.actions.ExecutePomAction - Using existing launch configuration
2021-03-26 15:08:32,201 [Worker-213: Launching ass1] INFO  o.e.m.i.launch.MavenLaunchDelegate - D:\desktop\Dev\Intellij\Projects\SWEN301 Ass1\workspace\ass1
2021-03-26 15:08:32,201 [Worker-213: Launching ass1] INFO  o.e.m.i.launch.MavenLaunchDelegate -  mvn -B clean install
2021-03-26 15:10:14,186 [main] INFO  o.e.m2e.actions.ExecutePomAction - Using existing launch configuration
2021-03-26 15:10:14,386 [Worker-216: Launching ass1] INFO  o.e.m.i.launch.MavenLaunchDelegate - D:\desktop\Dev\Intellij\Projects\SWEN301 Ass1\workspace\ass1
2021-03-26 15:10:14,386 [Worker-216: Launching ass1] INFO  o.e.m.i.launch.MavenLaunchDelegate -  mvn -B clean install
2021-03-26 15:18:14,941 [main] INFO  o.e.m2e.actions.ExecutePomAction - Using existing launch configuration
2021-03-26 15:18:16,828 [Worker-212: reload maven project] ERROR o.e.m2e.editor.pom.MavenPomEditor - failed to load maven project for org.eclipse.ui.part.FileEditorInput(/ass1/pom.xml)
org.eclipse.core.runtime.CoreException: Could not read maven project
	at org.eclipse.m2e.core.internal.project.registry.ProjectRegistryManager.readProjectWithDependencies(ProjectRegistryManager.java:850)
	at org.eclipse.m2e.core.internal.project.registry.ProjectRegistryManager.lambda$22(ProjectRegistryManager.java:1069)
	at com.google.common.cache.LocalCache$LocalManualCache$1.load(LocalCache.java:4878)
	at com.google.common.cache.LocalCache$LoadingValueReference.loadFuture(LocalCache.java:3529)
	at com.google.common.cache.LocalCache$Segment.loadSync(LocalCache.java:2278)
	at com.google.common.cache.LocalCache$Segment.lockedGetOrLoad(LocalCache.java:2155)
	at com.google.common.cache.LocalCache$Segment.get(LocalCache.java:2045)
	at com.google.common.cache.LocalCache.get(LocalCache.java:3953)
	at com.google.common.cache.LocalCache$LocalManualCache.get(LocalCache.java:4873)
	at org.eclipse.m2e.core.internal.project.registry.ProjectRegistryManager.getMavenProject(ProjectRegistryManager.java:1068)
	at org.eclipse.m2e.core.internal.project.registry.MavenProjectFacade.getMavenProject(MavenProjectFacade.java:243)
	at org.eclipse.m2e.core.ui.internal.actions.SelectionUtil.getMavenProject(SelectionUtil.java:261)
	at org.eclipse.m2e.editor.pom.MavenPomEditor.readMavenProject(MavenPomEditor.java:634)
	at org.eclipse.m2e.editor.pom.MavenPomEditor$3.run(MavenPomEditor.java:938)
	at org.eclipse.core.internal.jobs.Worker.run(Worker.java:63)
2021-03-26 15:18:16,834 [Worker-218: Launching ass1] INFO  o.e.m.i.launch.MavenLaunchDelegate - D:\desktop\Dev\Intellij\Projects\SWEN301 Ass1\workspace\ass1
2021-03-26 15:18:16,834 [Worker-218: Launching ass1] INFO  o.e.m.i.launch.MavenLaunchDelegate -  mvn -B clean install
2021-03-26 15:20:50,509 [Worker-218: reload maven project] ERROR o.e.m2e.editor.pom.MavenPomEditor - failed to load maven project for org.eclipse.ui.part.FileEditorInput(/ass1/pom.xml)
org.eclipse.core.runtime.CoreException: Could not read maven project
	at org.eclipse.m2e.core.internal.project.registry.ProjectRegistryManager.readProjectWithDependencies(ProjectRegistryManager.java:850)
	at org.eclipse.m2e.core.internal.project.registry.ProjectRegistryManager.lambda$22(ProjectRegistryManager.java:1069)
	at com.google.common.cache.LocalCache$LocalManualCache$1.load(LocalCache.java:4878)
	at com.google.common.cache.LocalCache$LoadingValueReference.loadFuture(LocalCache.java:3529)
	at com.google.common.cache.LocalCache$Segment.loadSync(LocalCache.java:2278)
	at com.google.common.cache.LocalCache$Segment.lockedGetOrLoad(LocalCache.java:2155)
	at com.google.common.cache.LocalCache$Segment.get(LocalCache.java:2045)
	at com.google.common.cache.LocalCache.get(LocalCache.java:3953)
	at com.google.common.cache.LocalCache$LocalManualCache.get(LocalCache.java:4873)
	at org.eclipse.m2e.core.internal.project.registry.ProjectRegistryManager.getMavenProject(ProjectRegistryManager.java:1068)
	at org.eclipse.m2e.core.internal.project.registry.MavenProjectFacade.getMavenProject(MavenProjectFacade.java:243)
	at org.eclipse.m2e.core.ui.internal.actions.SelectionUtil.getMavenProject(SelectionUtil.java:261)
	at org.eclipse.m2e.editor.pom.MavenPomEditor.readMavenProject(MavenPomEditor.java:634)
	at org.eclipse.m2e.editor.pom.MavenPomEditor$3.run(MavenPomEditor.java:938)
	at org.eclipse.core.internal.jobs.Worker.run(Worker.java:63)
2021-03-26 15:20:59,724 [main] INFO  o.e.m2e.actions.ExecutePomAction - Using existing launch configuration
2021-03-26 15:20:59,971 [Worker-223: Launching ass1] INFO  o.e.m.i.launch.MavenLaunchDelegate - D:\desktop\Dev\Intellij\Projects\SWEN301 Ass1\workspace\ass1
2021-03-26 15:20:59,971 [Worker-223: Launching ass1] INFO  o.e.m.i.launch.MavenLaunchDelegate -  mvn -B clean install
2021-03-26 15:21:19,329 [Worker-223: Launching Executing install in D__desktop_Dev_Intellij_Projects_SWEN301 Ass1_workspace_ass1] INFO  o.e.m.i.launch.MavenLaunchDelegate - D:\desktop\Dev\Intellij\Projects\SWEN301 Ass1\workspace\ass1
2021-03-26 15:21:19,329 [Worker-223: Launching Executing install in D__desktop_Dev_Intellij_Projects_SWEN301 Ass1_workspace_ass1] INFO  o.e.m.i.launch.MavenLaunchDelegate -  mvn -B install
2021-03-26 15:22:12,359 [main] INFO  o.e.m2e.actions.ExecutePomAction - Using existing launch configuration
2021-03-26 15:22:12,567 [Worker-223: Launching ass1] INFO  o.e.m.i.launch.MavenLaunchDelegate - D:\desktop\Dev\Intellij\Projects\SWEN301 Ass1\workspace\ass1
2021-03-26 15:22:12,567 [Worker-223: Launching ass1] INFO  o.e.m.i.launch.MavenLaunchDelegate -  mvn -B clean install
2021-03-26 15:22:23,165 [Worker-219: Launching Executing install in D__desktop_Dev_Intellij_Projects_SWEN301 Ass1_workspace_ass1] INFO  o.e.m.i.launch.MavenLaunchDelegate - D:\desktop\Dev\Intellij\Projects\SWEN301 Ass1\workspace\ass1
2021-03-26 15:22:23,166 [Worker-219: Launching Executing install in D__desktop_Dev_Intellij_Projects_SWEN301 Ass1_workspace_ass1] INFO  o.e.m.i.launch.MavenLaunchDelegate -  mvn -B install
2021-03-26 15:22:32,394 [Worker-225: Launching Executing clean in D__desktop_Dev_Intellij_Projects_SWEN301 Ass1_workspace_ass1] INFO  o.e.m.i.launch.MavenLaunchDelegate - D:\desktop\Dev\Intellij\Projects\SWEN301 Ass1\workspace\ass1
2021-03-26 15:22:32,395 [Worker-225: Launching Executing clean in D__desktop_Dev_Intellij_Projects_SWEN301 Ass1_workspace_ass1] INFO  o.e.m.i.launch.MavenLaunchDelegate -  mvn -B clean
2021-03-26 15:22:40,717 [Worker-223: Launching Executing generate-sources in D__desktop_Dev_Intellij_Projects_SWEN301 Ass1_workspace_ass1] INFO  o.e.m.i.launch.MavenLaunchDelegate - D:\desktop\Dev\Intellij\Projects\SWEN301 Ass1\workspace\ass1
2021-03-26 15:22:40,718 [Worker-223: Launching Executing generate-sources in D__desktop_Dev_Intellij_Projects_SWEN301 Ass1_workspace_ass1] INFO  o.e.m.i.launch.MavenLaunchDelegate -  mvn -B generate-sources
2021-03-26 15:31:14,831 [main] INFO  o.e.m2e.actions.ExecutePomAction - Using existing launch configuration
2021-03-26 15:31:15,061 [Worker-228: Launching ass1] INFO  o.e.m.i.launch.MavenLaunchDelegate - D:\desktop\Dev\Intellij\Projects\SWEN301 Ass1\workspace\ass1
2021-03-26 15:31:15,062 [Worker-228: Launching ass1] INFO  o.e.m.i.launch.MavenLaunchDelegate -  mvn -B clean install
2021-03-26 15:35:36,161 [Worker-232: reload maven project] ERROR o.e.m2e.editor.pom.MavenPomEditor - failed to load maven project for org.eclipse.ui.part.FileEditorInput(/ass1/pom.xml)
org.eclipse.core.runtime.CoreException: Could not read maven project
	at org.eclipse.m2e.core.internal.project.registry.ProjectRegistryManager.readProjectWithDependencies(ProjectRegistryManager.java:850)
	at org.eclipse.m2e.core.internal.project.registry.ProjectRegistryManager.lambda$22(ProjectRegistryManager.java:1069)
	at com.google.common.cache.LocalCache$LocalManualCache$1.load(LocalCache.java:4878)
	at com.google.common.cache.LocalCache$LoadingValueReference.loadFuture(LocalCache.java:3529)
	at com.google.common.cache.LocalCache$Segment.loadSync(LocalCache.java:2278)
	at com.google.common.cache.LocalCache$Segment.lockedGetOrLoad(LocalCache.java:2155)
	at com.google.common.cache.LocalCache$Segment.get(LocalCache.java:2045)
	at com.google.common.cache.LocalCache.get(LocalCache.java:3953)
	at com.google.common.cache.LocalCache$LocalManualCache.get(LocalCache.java:4873)
	at org.eclipse.m2e.core.internal.project.registry.ProjectRegistryManager.getMavenProject(ProjectRegistryManager.java:1068)
	at org.eclipse.m2e.core.internal.project.registry.MavenProjectFacade.getMavenProject(MavenProjectFacade.java:243)
	at org.eclipse.m2e.core.ui.internal.actions.SelectionUtil.getMavenProject(SelectionUtil.java:261)
	at org.eclipse.m2e.editor.pom.MavenPomEditor.readMavenProject(MavenPomEditor.java:634)
	at org.eclipse.m2e.editor.pom.MavenPomEditor$3.run(MavenPomEditor.java:938)
	at org.eclipse.core.internal.jobs.Worker.run(Worker.java:63)
2021-03-26 15:35:40,002 [main] INFO  o.e.m2e.actions.ExecutePomAction - Using existing launch configuration
2021-03-26 15:35:40,500 [Worker-218: Launching ass1] INFO  o.e.m.i.launch.MavenLaunchDelegate - D:\desktop\Dev\Intellij\Projects\SWEN301 Ass1\workspace\ass1
2021-03-26 15:35:40,500 [Worker-218: Launching ass1] INFO  o.e.m.i.launch.MavenLaunchDelegate -  mvn -B clean install
2021-03-26 15:36:22,914 [main] INFO  o.e.m2e.actions.ExecutePomAction - Using existing launch configuration
2021-03-26 15:36:23,137 [Worker-231: Launching ass1] INFO  o.e.m.i.launch.MavenLaunchDelegate - D:\desktop\Dev\Intellij\Projects\SWEN301 Ass1\workspace\ass1
2021-03-26 15:36:23,137 [Worker-231: Launching ass1] INFO  o.e.m.i.launch.MavenLaunchDelegate -  mvn -B clean install
2021-03-26 15:37:36,435 [main] INFO  o.e.m2e.actions.ExecutePomAction - Using existing launch configuration
2021-03-26 15:37:36,652 [Worker-232: Launching ass1] INFO  o.e.m.i.launch.MavenLaunchDelegate - D:\desktop\Dev\Intellij\Projects\SWEN301 Ass1\workspace\ass1
2021-03-26 15:37:36,652 [Worker-232: Launching ass1] INFO  o.e.m.i.launch.MavenLaunchDelegate -  mvn -B clean install
2021-03-26 15:41:08,637 [main] INFO  o.e.m2e.actions.ExecutePomAction - Using existing launch configuration
2021-03-26 15:41:10,308 [Worker-218: Launching ass1] INFO  o.e.m.i.launch.MavenLaunchDelegate - D:\desktop\Dev\Intellij\Projects\SWEN301 Ass1\workspace\ass1
2021-03-26 15:41:10,309 [Worker-218: Launching ass1] INFO  o.e.m.i.launch.MavenLaunchDelegate -  mvn -B clean install
2021-03-26 15:51:04,936 [main] INFO  o.e.m2e.actions.ExecutePomAction - Using existing launch configuration
2021-03-26 15:51:05,225 [Worker-237: Launching ass1] INFO  o.e.m.i.launch.MavenLaunchDelegate - D:\desktop\Dev\Intellij\Projects\SWEN301 Ass1\workspace\ass1
2021-03-26 15:51:05,226 [Worker-237: Launching ass1] INFO  o.e.m.i.launch.MavenLaunchDelegate -  mvn -B clean install
2021-03-26 15:51:22,558 [Worker-237: Launching ass1] INFO  o.e.m.i.launch.MavenLaunchDelegate - D:\desktop\Dev\Intellij\Projects\SWEN301 Ass1\workspace\ass1
2021-03-26 15:51:22,558 [Worker-237: Launching ass1] INFO  o.e.m.i.launch.MavenLaunchDelegate -  mvn -B 
2021-03-26 15:51:38,973 [main] INFO  o.e.m2e.actions.ExecutePomAction - Using existing launch configuration
2021-03-26 15:52:33,995 [Worker-241: Launching ass1] INFO  o.e.m.i.launch.MavenLaunchDelegate - D:\desktop\Dev\Intellij\Projects\SWEN301 Ass1\workspace\ass1
2021-03-26 15:52:33,995 [Worker-241: Launching ass1] INFO  o.e.m.i.launch.MavenLaunchDelegate -  mvn -B clean default
2021-03-26 15:53:31,505 [Worker-238: Launching ass1] INFO  o.e.m.i.launch.MavenLaunchDelegate - D:\desktop\Dev\Intellij\Projects\SWEN301 Ass1\workspace\ass1
2021-03-26 15:53:31,505 [Worker-238: Launching ass1] INFO  o.e.m.i.launch.MavenLaunchDelegate -  mvn -B default compile
2021-03-26 15:54:00,604 [Worker-237: Launching ass1] INFO  o.e.m.i.launch.MavenLaunchDelegate - D:\desktop\Dev\Intellij\Projects\SWEN301 Ass1\workspace\ass1
2021-03-26 15:54:00,604 [Worker-237: Launching ass1] INFO  o.e.m.i.launch.MavenLaunchDelegate -  mvn -B compile
2021-03-26 15:54:43,077 [Worker-242: Launching ass1] INFO  o.e.m.i.launch.MavenLaunchDelegate - D:\desktop\Dev\Intellij\Projects\SWEN301 Ass1\workspace\ass1
2021-03-26 15:54:43,077 [Worker-242: Launching ass1] INFO  o.e.m.i.launch.MavenLaunchDelegate -  mvn -B test
2021-03-26 16:10:23,261 [main] INFO  o.e.m2e.actions.ExecutePomAction - Using existing launch configuration
2021-03-26 16:10:23,455 [Worker-251: Launching ass1] INFO  o.e.m.i.launch.MavenLaunchDelegate - D:\desktop\Dev\Intellij\Projects\SWEN301 Ass1\workspace\ass1
2021-03-26 16:10:23,455 [Worker-251: Launching ass1] INFO  o.e.m.i.launch.MavenLaunchDelegate -  mvn -B test
2021-03-26 16:24:46,717 [Worker-260: Launching ass1] INFO  o.e.m.i.launch.MavenLaunchDelegate - D:\desktop\Dev\Intellij\Projects\SWEN301 Ass1\workspace\ass1
2021-03-26 16:24:46,717 [Worker-260: Launching ass1] INFO  o.e.m.i.launch.MavenLaunchDelegate -  mvn -B package
2021-03-26 16:25:33,467 [Worker-263: Launching ass1] INFO  o.e.m.i.launch.MavenLaunchDelegate - D:\desktop\Dev\Intellij\Projects\SWEN301 Ass1\workspace\ass1
2021-03-26 16:25:33,467 [Worker-263: Launching ass1] INFO  o.e.m.i.launch.MavenLaunchDelegate -  mvn -B clean install
2021-03-26 16:25:33,467 [Worker-263: Launching ass1] WARN  o.e.m.i.l.MavenLaunchExtensionsSupport - Unknown or unsupported source locator org.eclipse.jdt.internal.launching.sourcelookup.advanced.AdvancedSourceLookupDirector
2021-03-26 16:25:56,386 [main] INFO  o.e.m2e.actions.ExecutePomAction - Using existing launch configuration
2021-03-26 16:25:56,605 [Worker-258: Launching ass1] INFO  o.e.m.i.launch.MavenLaunchDelegate - D:\desktop\Dev\Intellij\Projects\SWEN301 Ass1\workspace\ass1
2021-03-26 16:25:56,605 [Worker-258: Launching ass1] INFO  o.e.m.i.launch.MavenLaunchDelegate -  mvn -B clean install
2021-03-26 16:30:52,758 [main] INFO  o.e.m2e.actions.ExecutePomAction - Using existing launch configuration
2021-03-26 16:30:52,955 [Worker-262: Launching ass1] INFO  o.e.m.i.launch.MavenLaunchDelegate - D:\desktop\Dev\Intellij\Projects\SWEN301 Ass1\workspace\ass1
2021-03-26 16:30:52,956 [Worker-262: Launching ass1] INFO  o.e.m.i.launch.MavenLaunchDelegate -  mvn -B clean install
2021-03-26 16:32:42,232 [main] INFO  o.e.m2e.actions.ExecutePomAction - Using existing launch configuration
2021-03-26 16:32:42,426 [Worker-266: Launching ass1] INFO  o.e.m.i.launch.MavenLaunchDelegate - D:\desktop\Dev\Intellij\Projects\SWEN301 Ass1\workspace\ass1
2021-03-26 16:32:42,427 [Worker-266: Launching ass1] INFO  o.e.m.i.launch.MavenLaunchDelegate -  mvn -B clean install
2021-03-26 17:46:49,403 [main] INFO  o.e.m2e.actions.ExecutePomAction - Using existing launch configuration
2021-03-26 17:46:49,624 [Worker-273: Launching ass1] INFO  o.e.m.i.launch.MavenLaunchDelegate - D:\desktop\Dev\Intellij\Projects\SWEN301 Ass1\workspace\ass1
2021-03-26 17:46:49,625 [Worker-273: Launching ass1] INFO  o.e.m.i.launch.MavenLaunchDelegate -  mvn -B clean install
2021-03-26 17:53:57,937 [main] INFO  o.e.m2e.actions.ExecutePomAction - Using existing launch configuration
2021-03-26 17:53:58,201 [Worker-273: Launching ass1] INFO  o.e.m.i.launch.MavenLaunchDelegate - D:\desktop\Dev\Intellij\Projects\SWEN301 Ass1\workspace\ass1
2021-03-26 17:53:58,202 [Worker-273: Launching ass1] INFO  o.e.m.i.launch.MavenLaunchDelegate -  mvn -B clean install
